Mar 05, 2025 11:48:59 PM edu.wpi.first.shuffleboard.app.Shuffleboard init
INFO: Build time: 2025-01-01T20:49:04.572824800Z
Mar 05, 2025 11:48:59 PM edu.wpi.first.shuffleboard.app.plugin.PluginLoader load
INFO: Loading plugin edu.wpi.first.shuffleboard:Base:1.3.7
Mar 05, 2025 11:48:59 PM edu.wpi.first.shuffleboard.app.plugin.PluginLoader load
INFO: Loaded plugin edu.wpi.first.shuffleboard:Base in 51ms
Mar 05, 2025 11:49:00 PM edu.wpi.first.shuffleboard.app.plugin.PluginLoader load
INFO: Loading plugin edu.wpi.first.shuffleboard:NetworkTables:2.4.0
Mar 05, 2025 11:49:00 PM edu.wpi.first.shuffleboard.app.plugin.PluginLoader load
INFO: Loaded plugin edu.wpi.first.shuffleboard:NetworkTables in 9ms
Mar 05, 2025 11:49:00 PM edu.wpi.first.shuffleboard.app.plugin.PluginLoader load
INFO: Loading plugin edu.wpi.first.shuffleboard:CameraServer:3.1.1
Mar 05, 2025 11:49:02 PM edu.wpi.first.shuffleboard.app.plugin.PluginLoader load
INFO: Loaded plugin edu.wpi.first.shuffleboard:CameraServer in 2081ms
Mar 05, 2025 11:49:02 PM edu.wpi.first.shuffleboard.app.MainWindowController initialize
INFO: Setting up plugins in the UI
Mar 05, 2025 11:49:02 PM edu.wpi.first.shuffleboard.app.Shuffleboard init
INFO: Took 338ms to load the main FXML
Mar 05, 2025 11:49:02 PM edu.wpi.first.shuffleboard.app.Shuffleboard start
INFO: Took 3380ms to start Shuffleboard
Mar 05, 2025 11:56:07 PM edu.wpi.first.shuffleboard.app.Shuffleboard stop
INFO: Running shutdown hooks
Mar 05, 2025 11:56:07 PM edu.wpi.first.shuffleboard.app.Shuffleboard stop
INFO: Shutting down
