Mar 04, 2025 6:24:23 PM edu.wpi.first.shuffleboard.api.util.Storage findOrCreate
INFO: Creating directory C:\Users\arsen\Shuffleboard\themes
Mar 04, 2025 6:24:23 PM edu.wpi.first.shuffleboard.app.Shuffleboard init
INFO: Build time: 2025-01-01T20:49:04.572824800Z
Mar 04, 2025 6:24:23 PM edu.wpi.first.shuffleboard.app.plugin.PluginLoader load
INFO: Loading plugin edu.wpi.first.shuffleboard:Base:1.3.7
Mar 04, 2025 6:24:23 PM edu.wpi.first.shuffleboard.app.plugin.PluginLoader load
INFO: Loaded plugin edu.wpi.first.shuffleboard:Base in 56ms
Mar 04, 2025 6:24:26 PM edu.wpi.first.shuffleboard.app.plugin.PluginLoader load
INFO: Loading plugin edu.wpi.first.shuffleboard:NetworkTables:2.4.0
Mar 04, 2025 6:24:26 PM edu.wpi.first.shuffleboard.app.plugin.PluginLoader load
INFO: Loaded plugin edu.wpi.first.shuffleboard:NetworkTables in 13ms
Mar 04, 2025 6:24:26 PM edu.wpi.first.shuffleboard.app.plugin.PluginLoader load
INFO: Loading plugin edu.wpi.first.shuffleboard:CameraServer:3.1.1
Mar 04, 2025 6:25:11 PM edu.wpi.first.shuffleboard.app.plugin.PluginLoader load
INFO: Loaded plugin edu.wpi.first.shuffleboard:CameraServer in 45026ms
Mar 04, 2025 6:25:11 PM edu.wpi.first.shuffleboard.api.util.Storage findOrCreate
INFO: Creating directory C:\Users\arsen\Shuffleboard\plugins
Mar 04, 2025 6:25:11 PM edu.wpi.first.shuffleboard.app.MainWindowController initialize
INFO: Setting up plugins in the UI
Mar 04, 2025 6:25:11 PM edu.wpi.first.shuffleboard.app.Shuffleboard init
INFO: Took 463ms to load the main FXML
Mar 04, 2025 6:25:13 PM edu.wpi.first.shuffleboard.app.Shuffleboard start
WARNING: Took 50108ms to start Shuffleboard
Mar 04, 2025 6:25:43 PM edu.wpi.first.shuffleboard.app.Shuffleboard stop
INFO: Running shutdown hooks
Mar 04, 2025 6:25:43 PM edu.wpi.first.shuffleboard.app.Shuffleboard stop
INFO: Shutting down
